<?xml version="1.0" encoding="UTF-8"?>
<!-- Generated by org.testng.reporters.JUnitXMLReporter -->
<testsuite ignored="0" hostname="Vikram" failures="0" tests="4" name="MultipleTest2" time="0.006" errors="0" timestamp="2022-05-17T19:06:35 IST">
  <testcase classname="com.sellabs.wdprogram.TestNGProg2" name="B" time="0.001"/>
  <testcase classname="com.sellabs.wdprogram.TestNGProg2" name="A" time="0.0"/>
  <testcase classname="com.sellabs.wdprogram.TestNGProg2" name="C" time="0.001"/>
  <testcase classname="com.sellabs.wdprogram.TestNGProg2" name="D" time="0.001"/>
</testsuite> <!-- MultipleTest2 -->
