<?xml version="1.0" encoding="UTF-8"?>
<!-- Generated by org.testng.reporters.JUnitXMLReporter -->
<testsuite ignored="0" hostname="Vikram" failures="1" tests="8" name="MultipleTest" time="0.05" errors="0" timestamp="2022-05-17T19:03:16 IST">
  <testcase classname="com.sellabs.wdprogram.TestNGProg" name="B" time="0.007"/>
  <testcase classname="com.sellabs.wdprogram.TestNGProg" name="A" time="0.001"/>
  <testcase classname="com.sellabs.wdprogram.TestNGProg" name="D" time="0.001">
    <failure type="java.lang.ArithmeticException" message="/ by zero">
      <![CDATA[java.lang.ArithmeticException: / by zero
at com.sellabs.wdprogram.TestNGProg.D(TestNGProg.java:22)
at java.base/java.util.ArrayList.forEach(ArrayList.java:1511)
... Removed 27 stack frames]]>
    </failure>
  </testcase> <!-- D -->
  <testcase classname="com.sellabs.wdprogram.TestNGProg" name="C" time="0.001"/>
  <testcase classname="com.sellabs.wdprogram.TestNGProg2" name="B" time="0.0"/>
  <testcase classname="com.sellabs.wdprogram.TestNGProg2" name="A" time="0.001"/>
  <testcase classname="com.sellabs.wdprogram.TestNGProg2" name="C" time="0.001"/>
  <testcase classname="com.sellabs.wdprogram.TestNGProg2" name="D" time="0.0"/>
</testsuite> <!-- MultipleTest -->
