<?xml version="1.0" encoding="UTF-8"?>
<!-- Generated by org.testng.reporters.JUnitXMLReporter -->
<testsuite ignored="0" hostname="Vikram" failures="1" tests="4" name="MultipleTest1" time="0.041" errors="0" timestamp="2022-05-17T19:06:35 IST">
  <testcase classname="com.sellabs.wdprogram.TestNGProg" name="B" time="0.005"/>
  <testcase classname="com.sellabs.wdprogram.TestNGProg" name="A" time="0.0"/>
  <testcase classname="com.sellabs.wdprogram.TestNGProg" name="D" time="0.0">
    <failure type="java.lang.ArithmeticException" message="/ by zero">
      <![CDATA[java.lang.ArithmeticException: / by zero
at com.sellabs.wdprogram.TestNGProg.D(TestNGProg.java:22)
at java.base/java.util.ArrayList.forEach(ArrayList.java:1511)
... Removed 27 stack frames]]>
    </failure>
  </testcase> <!-- D -->
  <testcase classname="com.sellabs.wdprogram.TestNGProg" name="C" time="0.001"/>
</testsuite> <!-- MultipleTest1 -->
