<?xml version="1.0" encoding="UTF-8"?>
<testsuite name="MultipleTest2"
           tests="4"
           failures="0"
           errors="0"
           skipped="0"
           time="0.006">
  <properties />
  
  
            <testcase name="A" time="0.001" classname="com.sellabs.wdprogram.TestNGProg2" />
                <testcase name="C" time="0.002" classname="com.sellabs.wdprogram.TestNGProg2" />
                <testcase name="D" time="0.001" classname="com.sellabs.wdprogram.TestNGProg2" />
                <testcase name="B" time="0.002" classname="com.sellabs.wdprogram.TestNGProg2" />
      
</testsuite>
