<?xml version="1.0" encoding="UTF-8"?>
<testng-results ignored="0" total="8" passed="7" failed="1" skipped="0">
  <reporter-output>
  </reporter-output>
  <suite started-at="2022-05-17T19:06:35 IST" name="SampleSuite" finished-at="2022-05-17T19:06:35 IST" duration-ms="110">
    <groups>
    </groups>
    <test started-at="2022-05-17T19:06:35 IST" name="MultipleTest1" finished-at="2022-05-17T19:06:35 IST" duration-ms="41">
      <class name="com.sellabs.wdprogram.TestNGProg">
        <test-method signature="B()[pri:1, instance:com.sellabs.wdprogram.TestNGProg@7e9131d5]" started-at="2022-05-17T19:06:35 IST" name="B" description="This is a cool test" finished-at="2022-05-17T19:06:35 IST" duration-ms="5" status="PASS">
          <reporter-output>
          </reporter-output>
        </test-method> <!-- B -->
        <test-method signature="A()[pri:2, instance:com.sellabs.wdprogram.TestNGProg@7e9131d5]" started-at="2022-05-17T19:06:35 IST" name="A" finished-at="2022-05-17T19:06:35 IST" duration-ms="0" status="PASS">
          <reporter-output>
          </reporter-output>
        </test-method> <!-- A -->
        <test-method signature="D()[pri:4, instance:com.sellabs.wdprogram.TestNGProg@7e9131d5]" started-at="2022-05-17T19:06:35 IST" name="D" finished-at="2022-05-17T19:06:35 IST" duration-ms="0" status="FAIL">
          <exception class="java.lang.ArithmeticException">
            <message>
              <![CDATA[/ by zero]]>
            </message>
            <full-stacktrace>
              <![CDATA[java.lang.ArithmeticException: / by zero
at com.sellabs.wdprogram.TestNGProg.D(TestNGProg.java:22)
at java.base/jdk.internal.reflect.NativeMethodAccessorImpl.invoke0(Native Method)
at java.base/jdk.internal.reflect.NativeMethodAccessorImpl.invoke(NativeMethodAccessorImpl.java:77)
at java.base/jdk.internal.reflect.DelegatingMethodAccessorImpl.invoke(DelegatingMethodAccessorImpl.java:43)
at java.base/java.lang.reflect.Method.invoke(Method.java:568)
at org.testng.internal.MethodInvocationHelper.invokeMethod(MethodInvocationHelper.java:133)
at org.testng.internal.TestInvoker.invokeMethod(TestInvoker.java:598)
at org.testng.internal.TestInvoker.invokeTestMethod(TestInvoker.java:173)
at org.testng.internal.MethodRunner.runInSequence(MethodRunner.java:46)
at org.testng.internal.TestInvoker$MethodInvocationAgent.invoke(TestInvoker.java:824)
at org.testng.internal.TestInvoker.invokeTestMethods(TestInvoker.java:146)
at org.testng.internal.TestMethodWorker.invokeTestMethods(TestMethodWorker.java:146)
at org.testng.internal.TestMethodWorker.run(TestMethodWorker.java:128)
at java.base/java.util.ArrayList.forEach(ArrayList.java:1511)
at org.testng.TestRunner.privateRun(TestRunner.java:794)
at org.testng.TestRunner.run(TestRunner.java:596)
at org.testng.SuiteRunner.runTest(SuiteRunner.java:377)
at org.testng.SuiteRunner.runSequentially(SuiteRunner.java:371)
at org.testng.SuiteRunner.privateRun(SuiteRunner.java:332)
at org.testng.SuiteRunner.run(SuiteRunner.java:276)
at org.testng.SuiteRunnerWorker.runSuite(SuiteRunnerWorker.java:53)
at org.testng.SuiteRunnerWorker.run(SuiteRunnerWorker.java:96)
at org.testng.TestNG.runSuitesSequentially(TestNG.java:1212)
at org.testng.TestNG.runSuitesLocally(TestNG.java:1134)
at org.testng.TestNG.runSuites(TestNG.java:1063)
at org.testng.TestNG.run(TestNG.java:1031)
at org.testng.remote.AbstractRemoteTestNG.run(AbstractRemoteTestNG.java:115)
at org.testng.remote.RemoteTestNG.initAndRun(RemoteTestNG.java:251)
at org.testng.remote.RemoteTestNG.main(RemoteTestNG.java:77)
]]>
            </full-stacktrace>
          </exception> <!-- java.lang.ArithmeticException -->
          <reporter-output>
          </reporter-output>
        </test-method> <!-- D -->
        <test-method signature="C()[pri:3, instance:com.sellabs.wdprogram.TestNGProg@7e9131d5]" started-at="2022-05-17T19:06:35 IST" name="C" finished-at="2022-05-17T19:06:35 IST" depends-on-methods="com.sellabs.wdprogram.TestNGProg.D" duration-ms="1" status="PASS">
          <reporter-output>
          </reporter-output>
        </test-method> <!-- C -->
      </class> <!-- com.sellabs.wdprogram.TestNGProg -->
    </test> <!-- MultipleTest1 -->
    <test started-at="2022-05-17T19:06:35 IST" name="MultipleTest2" finished-at="2022-05-17T19:06:35 IST" duration-ms="6">
      <class name="com.sellabs.wdprogram.TestNGProg2">
        <test-method signature="B()[pri:1, instance:com.sellabs.wdprogram.TestNGProg2@69997e9d]" started-at="2022-05-17T19:06:35 IST" name="B" finished-at="2022-05-17T19:06:35 IST" duration-ms="1" status="PASS">
          <reporter-output>
          </reporter-output>
        </test-method> <!-- B -->
        <test-method signature="A()[pri:2, instance:com.sellabs.wdprogram.TestNGProg2@69997e9d]" started-at="2022-05-17T19:06:35 IST" name="A" finished-at="2022-05-17T19:06:35 IST" duration-ms="0" status="PASS">
          <reporter-output>
          </reporter-output>
        </test-method> <!-- A -->
        <test-method signature="C()[pri:3, instance:com.sellabs.wdprogram.TestNGProg2@69997e9d]" started-at="2022-05-17T19:06:35 IST" name="C" finished-at="2022-05-17T19:06:35 IST" duration-ms="1" status="PASS">
          <reporter-output>
          </reporter-output>
        </test-method> <!-- C -->
        <test-method signature="D()[pri:4, instance:com.sellabs.wdprogram.TestNGProg2@69997e9d]" started-at="2022-05-17T19:06:35 IST" name="D" finished-at="2022-05-17T19:06:35 IST" duration-ms="1" status="PASS">
          <reporter-output>
          </reporter-output>
        </test-method> <!-- D -->
      </class> <!-- com.sellabs.wdprogram.TestNGProg2 -->
    </test> <!-- MultipleTest2 -->
  </suite> <!-- SampleSuite -->
</testng-results>
